INFO main AcseleV13_8.main.controller.PolizaEmision.UnidadesRiesgo - Test Case - Emision de Póliza con Varios OA - org.openqa.selenium.NoSuchElementException: no such element
  (Session info: chrome=53.0.2785.143)
  (Driver info: chromedriver=2.9.248315,platform=Windows NT 6.1 SP1 x86_64) (WARNING: The server did not provide any stacktrace information)
Command duration or timeout: 54 milliseconds
For documentation on this error, please visit: http://seleniumhq.org/exceptions/no_such_element.html
Build info: version: '2.45.0', revision: '5017cb8e7ca8e37638dc3091b2440b90a1d8686f', time: '2015-02-27 09:10:26'
System info: host: 'QA19', ip: '192.168.0.184', os.name: 'Windows 7', os.arch: 'amd64', os.version: '6.1', java.version: '1.6.0_20'
*** Element info: {Using=xpath, value=//input[@wicketpath='policyInformationContent_RiskInformation_registerFormRisk_NewButtonRisk']}
Session ID: eeaf4085bc33ca2123eb3cf4077009ba
Driver info: org.openqa.selenium.chrome.ChromeDriver
Capabilities [{platform=XP, acceptSslCerts=true, javascriptEnabled=true, browserName=chrome, chrome={userDataDir=C:\Users\agil\AppData\Local\Temp\scoped_dir18316_11579}, rotatable=false, locationContextEnabled=true, version=53.0.2785.143, takesHeapSnapshot=true, cssSelectorsEnabled=true, databaseEnabled=false, handlesAlerts=true, browserConnectionEnabled=false, webStorageEnabled=true, nativeEvents=true, applicationCacheEnabled=false, takesScreenshot=true}]
INFO main AcseleV13_8.main.controller.PolizaEmision.ObjetoAsegurado - Test Case - Emision de Póliza con Varios OA - org.openqa.selenium.NoSuchElementException: no such element
  (Session info: chrome=53.0.2785.143)
  (Driver info: chromedriver=2.9.248315,platform=Windows NT 6.1 SP1 x86_64) (WARNING: The server did not provide any stacktrace information)
Command duration or timeout: 20 milliseconds
For documentation on this error, please visit: http://seleniumhq.org/exceptions/no_such_element.html
Build info: version: '2.45.0', revision: '5017cb8e7ca8e37638dc3091b2440b90a1d8686f', time: '2015-02-27 09:10:26'
System info: host: 'QA19', ip: '192.168.0.184', os.name: 'Windows 7', os.arch: 'amd64', os.version: '6.1', java.version: '1.6.0_20'
*** Element info: {Using=xpath, value=//input[@wicketpath='policyInformationContent_RiskInformation_InsuranceRiskUnit_RiskBasicInformation_InformationInsurance_registerForm_templateIO_tabPanel_repeaterTab_1_SubTabsInformation_repeater2_2_fila_field']}
Session ID: eeaf4085bc33ca2123eb3cf4077009ba
Driver info: org.openqa.selenium.chrome.ChromeDriver
Capabilities [{platform=XP, acceptSslCerts=true, javascriptEnabled=true, browserName=chrome, chrome={userDataDir=C:\Users\agil\AppData\Local\Temp\scoped_dir18316_11579}, rotatable=false, locationContextEnabled=true, version=53.0.2785.143, takesHeapSnapshot=true, cssSelectorsEnabled=true, databaseEnabled=false, handlesAlerts=true, browserConnectionEnabled=false, webStorageEnabled=true, nativeEvents=true, applicationCacheEnabled=false, takesScreenshot=true}]
INFO main AcseleV13_8.main.controller.PolizaEmision.ObjetoAsegurado - Test Case - Emision de Póliza con Varios OA - org.openqa.selenium.NoSuchElementException: no such element
  (Session info: chrome=53.0.2785.143)
  (Driver info: chromedriver=2.9.248315,platform=Windows NT 6.1 SP1 x86_64) (WARNING: The server did not provide any stacktrace information)
Command duration or timeout: 42 milliseconds
For documentation on this error, please visit: http://seleniumhq.org/exceptions/no_such_element.html
Build info: version: '2.45.0', revision: '5017cb8e7ca8e37638dc3091b2440b90a1d8686f', time: '2015-02-27 09:10:26'
System info: host: 'QA19', ip: '192.168.0.184', os.name: 'Windows 7', os.arch: 'amd64', os.version: '6.1', java.version: '1.6.0_20'
*** Element info: {Using=xpath, value=//input[@wicketpath='policyInformationContent_RiskInformation_InsuranceRiskUnit_registerFormInsurance_containerButton_NewButtonInsurance']}
Session ID: eeaf4085bc33ca2123eb3cf4077009ba
Driver info: org.openqa.selenium.chrome.ChromeDriver
Capabilities [{platform=XP, acceptSslCerts=true, javascriptEnabled=true, browserName=chrome, chrome={userDataDir=C:\Users\agil\AppData\Local\Temp\scoped_dir18316_11579}, rotatable=false, locationContextEnabled=true, version=53.0.2785.143, takesHeapSnapshot=true, cssSelectorsEnabled=true, databaseEnabled=false, handlesAlerts=true, browserConnectionEnabled=false, webStorageEnabled=true, nativeEvents=true, applicationCacheEnabled=false, takesScreenshot=true}]
INFO main AcseleV13_8.main.controller.PolizaEmision.UnidadesRiesgo - Test Case - Emision de Póliza con Varios OA - org.openqa.selenium.WebDriverException: unknown error: Element is not clickable at point (337, 218). Other element would receive the click: <div id="bigLayer" style="opacity: 0.2; display: block;"></div>
  (Session info: chrome=53.0.2785.143)
  (Driver info: chromedriver=2.9.248315,platform=Windows NT 6.1 SP1 x86_64) (WARNING: The server did not provide any stacktrace information)
Command duration or timeout: 103 milliseconds
Build info: version: '2.45.0', revision: '5017cb8e7ca8e37638dc3091b2440b90a1d8686f', time: '2015-02-27 09:10:26'
System info: host: 'QA19', ip: '192.168.0.184', os.name: 'Windows 7', os.arch: 'amd64', os.version: '6.1', java.version: '1.6.0_20'
Session ID: c290a060952cef6c1cbb34510a33a7fa
Driver info: org.openqa.selenium.chrome.ChromeDriver
Capabilities [{platform=XP, acceptSslCerts=true, javascriptEnabled=true, browserName=chrome, chrome={userDataDir=C:\Users\agil\AppData\Local\Temp\scoped_dir18188_4210}, rotatable=false, locationContextEnabled=true, version=53.0.2785.143, takesHeapSnapshot=true, cssSelectorsEnabled=true, databaseEnabled=false, handlesAlerts=true, browserConnectionEnabled=false, webStorageEnabled=true, nativeEvents=true, applicationCacheEnabled=false, takesScreenshot=true}]
INFO main AcseleV13_8.main.controller.PolizaEmision.ObjetoAsegurado - Test Case - Emision de Póliza con Varios OA - org.openqa.selenium.NoSuchElementException: no such element
  (Session info: chrome=53.0.2785.143)
  (Driver info: chromedriver=2.9.248315,platform=Windows NT 6.1 SP1 x86_64) (WARNING: The server did not provide any stacktrace information)
Command duration or timeout: 23 milliseconds
For documentation on this error, please visit: http://seleniumhq.org/exceptions/no_such_element.html
Build info: version: '2.45.0', revision: '5017cb8e7ca8e37638dc3091b2440b90a1d8686f', time: '2015-02-27 09:10:26'
System info: host: 'QA19', ip: '192.168.0.184', os.name: 'Windows 7', os.arch: 'amd64', os.version: '6.1', java.version: '1.6.0_20'
*** Element info: {Using=xpath, value=//input[@wicketpath='policyInformationContent_RiskInformation_InsuranceRiskUnit_RiskBasicInformation_InformationInsurance_registerForm_templateIO_tabPanel_repeaterTab_1_SubTabsInformation_repeater2_2_fila_field']}
Session ID: c290a060952cef6c1cbb34510a33a7fa
Driver info: org.openqa.selenium.chrome.ChromeDriver
Capabilities [{platform=XP, acceptSslCerts=true, javascriptEnabled=true, browserName=chrome, chrome={userDataDir=C:\Users\agil\AppData\Local\Temp\scoped_dir18188_4210}, rotatable=false, locationContextEnabled=true, version=53.0.2785.143, takesHeapSnapshot=true, cssSelectorsEnabled=true, databaseEnabled=false, handlesAlerts=true, browserConnectionEnabled=false, webStorageEnabled=true, nativeEvents=true, applicationCacheEnabled=false, takesScreenshot=true}]
INFO main AcseleV13_8.main.controller.PolizaEmision.ObjetoAsegurado - Test Case - Emision de Póliza con Varios OA - org.openqa.selenium.NoSuchElementException: no such element
  (Session info: chrome=53.0.2785.143)
  (Driver info: chromedriver=2.9.248315,platform=Windows NT 6.1 SP1 x86_64) (WARNING: The server did not provide any stacktrace information)
Command duration or timeout: 33 milliseconds
For documentation on this error, please visit: http://seleniumhq.org/exceptions/no_such_element.html
Build info: version: '2.45.0', revision: '5017cb8e7ca8e37638dc3091b2440b90a1d8686f', time: '2015-02-27 09:10:26'
System info: host: 'QA19', ip: '192.168.0.184', os.name: 'Windows 7', os.arch: 'amd64', os.version: '6.1', java.version: '1.6.0_20'
*** Element info: {Using=xpath, value=//input[@wicketpath='policyInformationContent_RiskInformation_InsuranceRiskUnit_registerFormInsurance_containerButton_NewButtonInsurance']}
Session ID: c290a060952cef6c1cbb34510a33a7fa
Driver info: org.openqa.selenium.chrome.ChromeDriver
Capabilities [{platform=XP, acceptSslCerts=true, javascriptEnabled=true, browserName=chrome, chrome={userDataDir=C:\Users\agil\AppData\Local\Temp\scoped_dir18188_4210}, rotatable=false, locationContextEnabled=true, version=53.0.2785.143, takesHeapSnapshot=true, cssSelectorsEnabled=true, databaseEnabled=false, handlesAlerts=true, browserConnectionEnabled=false, webStorageEnabled=true, nativeEvents=true, applicationCacheEnabled=false, takesScreenshot=true}]
INFO main AcseleV13_8.main.controller.PolizaEmision.UnidadesRiesgo - Test Case - Emision de Póliza con Varios OA - org.openqa.selenium.WebDriverException: unknown error: Element is not clickable at point (454, 481). Other element would receive the click: <div id="bigLayer" style="opacity: 0.2; display: block;"></div>
  (Session info: chrome=53.0.2785.143)
  (Driver info: chromedriver=2.9.248315,platform=Windows NT 6.1 SP1 x86_64) (WARNING: The server did not provide any stacktrace information)
Command duration or timeout: 68 milliseconds
Build info: version: '2.45.0', revision: '5017cb8e7ca8e37638dc3091b2440b90a1d8686f', time: '2015-02-27 09:10:26'
System info: host: 'QA19', ip: '192.168.0.184', os.name: 'Windows 7', os.arch: 'amd64', os.version: '6.1', java.version: '1.6.0_20'
Session ID: 53f7d4ac05058d29c0548d064bcdee93
Driver info: org.openqa.selenium.chrome.ChromeDriver
Capabilities [{platform=XP, acceptSslCerts=true, javascriptEnabled=true, browserName=chrome, chrome={userDataDir=C:\Users\agil\AppData\Local\Temp\scoped_dir17596_4797}, rotatable=false, locationContextEnabled=true, version=53.0.2785.143, takesHeapSnapshot=true, cssSelectorsEnabled=true, databaseEnabled=false, handlesAlerts=true, browserConnectionEnabled=false, webStorageEnabled=true, nativeEvents=true, applicationCacheEnabled=false, takesScreenshot=true}]
INFO main AcseleV13_8.main.controller.PolizaEmision.ObjetoAsegurado - Test Case - Emision de Póliza con Varios OA - org.openqa.selenium.NoSuchElementException: no such element
  (Session info: chrome=53.0.2785.143)
  (Driver info: chromedriver=2.9.248315,platform=Windows NT 6.1 SP1 x86_64) (WARNING: The server did not provide any stacktrace information)
Command duration or timeout: 26 milliseconds
For documentation on this error, please visit: http://seleniumhq.org/exceptions/no_such_element.html
Build info: version: '2.45.0', revision: '5017cb8e7ca8e37638dc3091b2440b90a1d8686f', time: '2015-02-27 09:10:26'
System info: host: 'QA19', ip: '192.168.0.184', os.name: 'Windows 7', os.arch: 'amd64', os.version: '6.1', java.version: '1.6.0_20'
*** Element info: {Using=xpath, value=//input[@wicketpath='policyInformationContent_RiskInformation_InsuranceRiskUnit_RiskBasicInformation_InformationInsurance_registerForm_templateIO_tabPanel_repeaterTab_1_SubTabsInformation_repeater2_2_fila_field']}
Session ID: 53f7d4ac05058d29c0548d064bcdee93
Driver info: org.openqa.selenium.chrome.ChromeDriver
Capabilities [{platform=XP, acceptSslCerts=true, javascriptEnabled=true, browserName=chrome, chrome={userDataDir=C:\Users\agil\AppData\Local\Temp\scoped_dir17596_4797}, rotatable=false, locationContextEnabled=true, version=53.0.2785.143, takesHeapSnapshot=true, cssSelectorsEnabled=true, databaseEnabled=false, handlesAlerts=true, browserConnectionEnabled=false, webStorageEnabled=true, nativeEvents=true, applicationCacheEnabled=false, takesScreenshot=true}]
INFO main AcseleV13_8.main.controller.PolizaEmision.ObjetoAsegurado - Test Case - Emision de Póliza con Varios OA - org.openqa.selenium.NoSuchElementException: no such element
  (Session info: chrome=53.0.2785.143)
  (Driver info: chromedriver=2.9.248315,platform=Windows NT 6.1 SP1 x86_64) (WARNING: The server did not provide any stacktrace information)
Command duration or timeout: 32 milliseconds
For documentation on this error, please visit: http://seleniumhq.org/exceptions/no_such_element.html
Build info: version: '2.45.0', revision: '5017cb8e7ca8e37638dc3091b2440b90a1d8686f', time: '2015-02-27 09:10:26'
System info: host: 'QA19', ip: '192.168.0.184', os.name: 'Windows 7', os.arch: 'amd64', os.version: '6.1', java.version: '1.6.0_20'
*** Element info: {Using=xpath, value=//input[@wicketpath='policyInformationContent_RiskInformation_InsuranceRiskUnit_registerFormInsurance_containerButton_NewButtonInsurance']}
Session ID: 53f7d4ac05058d29c0548d064bcdee93
Driver info: org.openqa.selenium.chrome.ChromeDriver
Capabilities [{platform=XP, acceptSslCerts=true, javascriptEnabled=true, browserName=chrome, chrome={userDataDir=C:\Users\agil\AppData\Local\Temp\scoped_dir17596_4797}, rotatable=false, locationContextEnabled=true, version=53.0.2785.143, takesHeapSnapshot=true, cssSelectorsEnabled=true, databaseEnabled=false, handlesAlerts=true, browserConnectionEnabled=false, webStorageEnabled=true, nativeEvents=true, applicationCacheEnabled=false, takesScreenshot=true}]
INFO main AcseleV13_8.main.controller.TercerosHabilitarDeshabilitar - Test Case 21 - Terceros Habilitar Deshabilitar - org.openqa.selenium.NoSuchElementException: Cannot locate option with value: 41249717
For documentation on this error, please visit: http://seleniumhq.org/exceptions/no_such_element.html
Build info: version: '2.45.0', revision: '5017cb8e7ca8e37638dc3091b2440b90a1d8686f', time: '2015-02-27 09:10:26'
System info: host: 'QA19', ip: '192.168.0.184', os.name: 'Windows 7', os.arch: 'amd64', os.version: '6.1', java.version: '1.6.0_20'
Driver info: driver.version: unknown
INFO main AcseleV13_8.main.controller.TercerosHabilitarDeshabilitar - Test Case 21 - Terceros Habilitar Deshabilitar - org.openqa.selenium.NoSuchElementException: no such element
  (Session info: chrome=53.0.2785.143)
  (Driver info: chromedriver=2.9.248315,platform=Windows NT 6.1 SP1 x86_64) (WARNING: The server did not provide any stacktrace information)
Command duration or timeout: 22 milliseconds
For documentation on this error, please visit: http://seleniumhq.org/exceptions/no_such_element.html
Build info: version: '2.45.0', revision: '5017cb8e7ca8e37638dc3091b2440b90a1d8686f', time: '2015-02-27 09:10:26'
System info: host: 'QA19', ip: '192.168.0.184', os.name: 'Windows 7', os.arch: 'amd64', os.version: '6.1', java.version: '1.6.0_20'
*** Element info: {Using=xpath, value=//a[@wicketpath='policyInformationContent_PolicyInformation_thirdTabs_repeaterSubTab_1_thirdRole_Tomador_thirdForm_detailSearchLink']}
Session ID: 67732ac74e7cfc6741425e051cc194dd
Driver info: org.openqa.selenium.chrome.ChromeDriver
Capabilities [{platform=XP, acceptSslCerts=true, javascriptEnabled=true, browserName=chrome, chrome={userDataDir=C:\Users\agil\AppData\Local\Temp\scoped_dir18060_30606}, rotatable=false, locationContextEnabled=true, version=53.0.2785.143, takesHeapSnapshot=true, cssSelectorsEnabled=true, databaseEnabled=false, handlesAlerts=true, browserConnectionEnabled=false, webStorageEnabled=true, nativeEvents=true, applicationCacheEnabled=false, takesScreenshot=true}]
INFO main AcseleV13_8.main.controller.TercerosHabilitarDeshabilitar - Test Case - Terceros Habilitar Deshabilitar - org.openqa.selenium.NoSuchElementException: no such element
  (Session info: chrome=53.0.2785.143)
  (Driver info: chromedriver=2.9.248315,platform=Windows NT 6.1 SP1 x86_64) (WARNING: The server did not provide any stacktrace information)
Command duration or timeout: 44 milliseconds
For documentation on this error, please visit: http://seleniumhq.org/exceptions/no_such_element.html
Build info: version: '2.45.0', revision: '5017cb8e7ca8e37638dc3091b2440b90a1d8686f', time: '2015-02-27 09:10:26'
System info: host: 'QA19', ip: '192.168.0.184', os.name: 'Windows 7', os.arch: 'amd64', os.version: '6.1', java.version: '1.6.0_20'
*** Element info: {Using=xpath, value=//a[@wicketpath='policyInformationContent_PolicyInformation_thirdTabs_repeaterSubTab_1_thirdRole_Tomador_thirdForm_detailSearchLink']}
Session ID: b4dba897695722f06a4f0a80b56864a5
Driver info: org.openqa.selenium.chrome.ChromeDriver
Capabilities [{platform=XP, acceptSslCerts=true, javascriptEnabled=true, browserName=chrome, chrome={userDataDir=C:\Users\agil\AppData\Local\Temp\scoped_dir17800_64}, rotatable=false, locationContextEnabled=true, version=53.0.2785.143, takesHeapSnapshot=true, cssSelectorsEnabled=true, databaseEnabled=false, handlesAlerts=true, browserConnectionEnabled=false, webStorageEnabled=true, nativeEvents=true, applicationCacheEnabled=false, takesScreenshot=true}]
INFO main AcseleV13_8.main.controller.PolizaEmision.InformacionGeneralPoliza - Test Case 25 - Terceros Habilitar Deshabilitar - org.openqa.selenium.NoSuchElementException: Cannot locate option with value: 41249717
For documentation on this error, please visit: http://seleniumhq.org/exceptions/no_such_element.html
Build info: version: '2.45.0', revision: '5017cb8e7ca8e37638dc3091b2440b90a1d8686f', time: '2015-02-27 09:10:26'
System info: host: 'QA19', ip: '192.168.0.184', os.name: 'Windows 7', os.arch: 'amd64', os.version: '6.1', java.version: '1.6.0_20'
Driver info: driver.version: unknown
INFO main AcseleV13_8.main.controller.PolizaEmision.TerceroTomador - Test Case - Terceros Habilitar Deshabilitar - org.openqa.selenium.NoSuchElementException: no such element
  (Session info: chrome=53.0.2785.143)
  (Driver info: chromedriver=2.9.248315,platform=Windows NT 6.1 SP1 x86_64) (WARNING: The server did not provide any stacktrace information)
Command duration or timeout: 32 milliseconds
For documentation on this error, please visit: http://seleniumhq.org/exceptions/no_such_element.html
Build info: version: '2.45.0', revision: '5017cb8e7ca8e37638dc3091b2440b90a1d8686f', time: '2015-02-27 09:10:26'
System info: host: 'QA19', ip: '192.168.0.184', os.name: 'Windows 7', os.arch: 'amd64', os.version: '6.1', java.version: '1.6.0_20'
*** Element info: {Using=xpath, value=/html/body/div[6]/div/ul/li}
Session ID: b4dba897695722f06a4f0a80b56864a5
Driver info: org.openqa.selenium.chrome.ChromeDriver
Capabilities [{platform=XP, acceptSslCerts=true, javascriptEnabled=true, browserName=chrome, chrome={userDataDir=C:\Users\agil\AppData\Local\Temp\scoped_dir17800_64}, rotatable=false, locationContextEnabled=true, version=53.0.2785.143, takesHeapSnapshot=true, cssSelectorsEnabled=true, databaseEnabled=false, handlesAlerts=true, browserConnectionEnabled=false, webStorageEnabled=true, nativeEvents=true, applicationCacheEnabled=false, takesScreenshot=true}]
INFO main AcseleV13_8.main.controller.PolizaEmision.InformacionGeneralPoliza - Test Case 25 - Terceros Habilitar Deshabilitar - org.openqa.selenium.NoSuchElementException: Cannot locate option with value: 41249717
For documentation on this error, please visit: http://seleniumhq.org/exceptions/no_such_element.html
Build info: version: '2.45.0', revision: '5017cb8e7ca8e37638dc3091b2440b90a1d8686f', time: '2015-02-27 09:10:26'
System info: host: 'QA19', ip: '192.168.0.184', os.name: 'Windows 7', os.arch: 'amd64', os.version: '6.1', java.version: '1.6.0_20'
Driver info: driver.version: unknown
INFO main AcseleV13_8.main.controller.PolizaEmision.TerceroTomador - Test Case - Terceros Habilitar Deshabilitar - org.openqa.selenium.NoSuchElementException: no such element
  (Session info: chrome=53.0.2785.143)
  (Driver info: chromedriver=2.9.248315,platform=Windows NT 6.1 SP1 x86_64) (WARNING: The server did not provide any stacktrace information)
Command duration or timeout: 27 milliseconds
For documentation on this error, please visit: http://seleniumhq.org/exceptions/no_such_element.html
Build info: version: '2.45.0', revision: '5017cb8e7ca8e37638dc3091b2440b90a1d8686f', time: '2015-02-27 09:10:26'
System info: host: 'QA19', ip: '192.168.0.184', os.name: 'Windows 7', os.arch: 'amd64', os.version: '6.1', java.version: '1.6.0_20'
*** Element info: {Using=xpath, value=/html/body/div[6]/div/ul/li}
Session ID: 112852b04987b3e15d882a544a2ade6d
Driver info: org.openqa.selenium.chrome.ChromeDriver
Capabilities [{platform=XP, acceptSslCerts=true, javascriptEnabled=true, browserName=chrome, chrome={userDataDir=C:\Users\agil\AppData\Local\Temp\scoped_dir18972_18805}, rotatable=false, locationContextEnabled=true, version=53.0.2785.143, takesHeapSnapshot=true, cssSelectorsEnabled=true, databaseEnabled=false, handlesAlerts=true, browserConnectionEnabled=false, webStorageEnabled=true, nativeEvents=true, applicationCacheEnabled=false, takesScreenshot=true}]
INFO main AcseleV13_8.main.controller.PolizaEmision.TerceroTomador - Test Case - Terceros Habilitar Deshabilitar - org.openqa.selenium.NoSuchElementException: no such element
  (Session info: chrome=53.0.2785.143)
  (Driver info: chromedriver=2.9.248315,platform=Windows NT 6.1 SP1 x86_64) (WARNING: The server did not provide any stacktrace information)
Command duration or timeout: 28 milliseconds
For documentation on this error, please visit: http://seleniumhq.org/exceptions/no_such_element.html
Build info: version: '2.45.0', revision: '5017cb8e7ca8e37638dc3091b2440b90a1d8686f', time: '2015-02-27 09:10:26'
System info: host: 'QA19', ip: '192.168.0.184', os.name: 'Windows 7', os.arch: 'amd64', os.version: '6.1', java.version: '1.6.0_20'
*** Element info: {Using=xpath, value=/html/body/div[6]/div/ul/li}
Session ID: 1e23584c51f0145ec9b41412ed097dec
Driver info: org.openqa.selenium.chrome.ChromeDriver
Capabilities [{platform=XP, acceptSslCerts=true, javascriptEnabled=true, browserName=chrome, chrome={userDataDir=C:\Users\agil\AppData\Local\Temp\scoped_dir18272_11484}, rotatable=false, locationContextEnabled=true, version=53.0.2785.143, takesHeapSnapshot=true, cssSelectorsEnabled=true, databaseEnabled=false, handlesAlerts=true, browserConnectionEnabled=false, webStorageEnabled=true, nativeEvents=true, applicationCacheEnabled=false, takesScreenshot=true}]
INFO main AcseleV13_8.main.controller.Menu.MenuOperaciones - Test Case - Terceros Habilitar Deshabilitar - org.openqa.selenium.ElementNotVisibleException: element not visible
  (Session info: chrome=53.0.2785.143)
  (Driver info: chromedriver=2.9.248315,platform=Windows NT 6.1 SP1 x86_64) (WARNING: The server did not provide any stacktrace information)
Command duration or timeout: 36 milliseconds
Build info: version: '2.45.0', revision: '5017cb8e7ca8e37638dc3091b2440b90a1d8686f', time: '2015-02-27 09:10:26'
System info: host: 'QA19', ip: '192.168.0.184', os.name: 'Windows 7', os.arch: 'amd64', os.version: '6.1', java.version: '1.6.0_20'
Session ID: 656d4c80b2fcf5e8b8a9513fbeba1d12
Driver info: org.openqa.selenium.chrome.ChromeDriver
Capabilities [{platform=XP, acceptSslCerts=true, javascriptEnabled=true, browserName=chrome, chrome={userDataDir=C:\Users\agil\AppData\Local\Temp\scoped_dir18764_20522}, rotatable=false, locationContextEnabled=true, version=53.0.2785.143, takesHeapSnapshot=true, cssSelectorsEnabled=true, databaseEnabled=false, handlesAlerts=true, browserConnectionEnabled=false, webStorageEnabled=true, nativeEvents=true, applicationCacheEnabled=false, takesScreenshot=true}]
INFO main AcseleV13_8.tests.VistaTercerosHabilitarDeshabilitarTest - Test Case - Terceros Habilitar Deshabilitar - java.util.NoSuchElementException
INFO main AcseleV13_8.tests.VistaTercerosHabilitarDeshabilitarTest - Test Case - Terceros Habilitar Deshabilitar - org.openqa.selenium.NoSuchElementException: no such element
  (Session info: chrome=53.0.2785.143)
  (Driver info: chromedriver=2.9.248315,platform=Windows NT 6.1 SP1 x86_64) (WARNING: The server did not provide any stacktrace information)
Command duration or timeout: 22 milliseconds
For documentation on this error, please visit: http://seleniumhq.org/exceptions/no_such_element.html
Build info: version: '2.45.0', revision: '5017cb8e7ca8e37638dc3091b2440b90a1d8686f', time: '2015-02-27 09:10:26'
System info: host: 'QA19', ip: '192.168.0.184', os.name: 'Windows 7', os.arch: 'amd64', os.version: '6.1', java.version: '1.6.0_20'
*** Element info: {Using=xpath, value=//input[@wicketpath='SearchContent_ThirdInformation_showDetailSearchTable_proof_ThirdPartyRadioGroup_resultsTable_2_thirdPartyRadio']}
Session ID: 92dba4983560142b0711baeb55ab8155
Driver info: org.openqa.selenium.chrome.ChromeDriver
Capabilities [{platform=XP, acceptSslCerts=true, javascriptEnabled=true, browserName=chrome, chrome={userDataDir=C:\Users\agil\AppData\Local\Temp\scoped_dir18056_6962}, rotatable=false, locationContextEnabled=true, version=53.0.2785.143, takesHeapSnapshot=true, cssSelectorsEnabled=true, databaseEnabled=false, handlesAlerts=true, browserConnectionEnabled=false, webStorageEnabled=true, nativeEvents=true, applicationCacheEnabled=false, takesScreenshot=true}]
