INFO main AcseleV13_8LBC.principal.Ejecutar - Arrancando el main
ERROR main AcseleV13_8LBC.principal.Ejecutar - Arrancando el main
INFO main AcseleV13_8_Interseguros.principal.EjecutarJar - Arrancando el main
ERROR main AcseleV13_8_Interseguros.principal.EjecutarJar - Arrancando el main
INFO main AcseleV13_8_Interseguros.main.controller.INTER_ConsultaTercero - Test Case - INTER Consulta Terceros - org.openqa.selenium.NoSuchElementException: no such element
  (Session info: chrome=49.0.2623.110)
  (Driver info: chromedriver=2.9.248304,platform=Linux 3.16.0-4-amd64 x86_64) (WARNING: The server did not provide any stacktrace information)
Command duration or timeout: 24 milliseconds
For documentation on this error, please visit: http://seleniumhq.org/exceptions/no_such_element.html
Build info: version: '2.45.0', revision: '5017cb8e7ca8e37638dc3091b2440b90a1d8686f', time: '2015-02-27 09:10:26'
System info: host: 'QA19-LINUX-VIRTUAL', ip: '192.168.0.95', os.name: 'Linux', os.arch: 'amd64', os.version: '3.16.0-4-amd64', java.version: '1.8.0_111'
Driver info: org.openqa.selenium.chrome.ChromeDriver
Capabilities [{applicationCacheEnabled=false, rotatable=false, chrome={userDataDir=/tmp/.com.google.Chrome.cuKKeA}, takesHeapSnapshot=true, databaseEnabled=false, handlesAlerts=true, version=49.0.2623.110, platform=LINUX, browserConnectionEnabled=false, nativeEvents=true, acceptSslCerts=true, locationContextEnabled=true, webStorageEnabled=true, browserName=chrome, takesScreenshot=true, javascriptEnabled=true, cssSelectorsEnabled=true}]
Session ID: 3d009669d55dabd36be1391ac39306e8
*** Element info: {Using=class name, value=CeldaEncabezado}
INFO main AcseleV13_8_Interseguros.principal.EjecutarJar - Arrancando el main
ERROR main AcseleV13_8_Interseguros.principal.EjecutarJar - Arrancando el main
INFO main AcseleV13_8_Interseguros.main.controller.INTER_ConsultaTercero - Test Case - INTER Consulta Terceros - org.openqa.selenium.NoSuchElementException: no such element
  (Session info: chrome=49.0.2623.110)
  (Driver info: chromedriver=2.9.248304,platform=Linux 3.16.0-4-amd64 x86_64) (WARNING: The server did not provide any stacktrace information)
Command duration or timeout: 24 milliseconds
For documentation on this error, please visit: http://seleniumhq.org/exceptions/no_such_element.html
Build info: version: '2.45.0', revision: '5017cb8e7ca8e37638dc3091b2440b90a1d8686f', time: '2015-02-27 09:10:26'
System info: host: 'QA19-LINUX-VIRTUAL', ip: '192.168.0.95', os.name: 'Linux', os.arch: 'amd64', os.version: '3.16.0-4-amd64', java.version: '1.8.0_111'
Driver info: org.openqa.selenium.chrome.ChromeDriver
Capabilities [{applicationCacheEnabled=false, rotatable=false, chrome={userDataDir=/tmp/.com.google.Chrome.o8gPGI}, takesHeapSnapshot=true, databaseEnabled=false, handlesAlerts=true, version=49.0.2623.110, platform=LINUX, browserConnectionEnabled=false, nativeEvents=true, acceptSslCerts=true, locationContextEnabled=true, webStorageEnabled=true, browserName=chrome, takesScreenshot=true, javascriptEnabled=true, cssSelectorsEnabled=true}]
Session ID: 83b01bed817c0866425fa0c56d4c0a36
*** Element info: {Using=class name, value=CeldaEncabezado}
INFO main AcseleV13_8_Interseguros.principal.EjecutarJar - Arrancando el main
ERROR main AcseleV13_8_Interseguros.principal.EjecutarJar - Arrancando el main
INFO main AcseleV13_8_Interseguros.principal.EjecutarJar - Arrancando el main
ERROR main AcseleV13_8_Interseguros.principal.EjecutarJar - Arrancando el main
INFO main AcseleV13_8_Interseguros.main.controller.Interseguros_Menu.Interseguros_MenuMantenimiento - Test Case - INTER Consulta Terceros - org.openqa.selenium.ElementNotVisibleException: element not visible
  (Session info: chrome=49.0.2623.110)
  (Driver info: chromedriver=2.9.248304,platform=Linux 3.16.0-4-amd64 x86_64) (WARNING: The server did not provide any stacktrace information)
Command duration or timeout: 34 milliseconds
Build info: version: '2.45.0', revision: '5017cb8e7ca8e37638dc3091b2440b90a1d8686f', time: '2015-02-27 09:10:26'
System info: host: 'QA19-LINUX-VIRTUAL', ip: '192.168.0.95', os.name: 'Linux', os.arch: 'amd64', os.version: '3.16.0-4-amd64', java.version: '1.8.0_111'
Driver info: org.openqa.selenium.chrome.ChromeDriver
Capabilities [{applicationCacheEnabled=false, rotatable=false, chrome={userDataDir=/tmp/.com.google.Chrome.oESbMn}, takesHeapSnapshot=true, databaseEnabled=false, handlesAlerts=true, version=49.0.2623.110, platform=LINUX, browserConnectionEnabled=false, nativeEvents=true, acceptSslCerts=true, locationContextEnabled=true, webStorageEnabled=true, browserName=chrome, takesScreenshot=true, javascriptEnabled=true, cssSelectorsEnabled=true}]
Session ID: 41bd02f7a73a03098582c11f75d12592
INFO main AcseleV13_8_Interseguros.main.controller.INTER_ConsultaTercero - Test Case - INTER Consulta Terceros - java.util.NoSuchElementException
INFO main AcseleV13_8_Interseguros.principal.EjecutarJar - Arrancando el main
ERROR main AcseleV13_8_Interseguros.principal.EjecutarJar - Arrancando el main
